Determining if the Q_WS_WIN exist failed with the following output:
Change Dir: /home/roby/Development/cvProjects/zedCam/CMakeFiles/CMakeTmp

Run Build Command:"/usr/bin/make" "cmTC_6716e/fast"
/usr/bin/make -f CMakeFiles/cmTC_6716e.dir/build.make CMakeFiles/cmTC_6716e.dir/build
make[1]: Entering directory '/home/roby/Development/cvProjects/zedCam/CMakeFiles/CMakeTmp'
Building CXX object CMakeFiles/cmTC_6716e.dir/CheckSymbolExists.cxx.o
/usr/bin/c++    -I/usr/include/qt4   -o CMakeFiles/cmTC_6716e.dir/CheckSymbolExists.cxx.o -c /home/roby/Development/cvProjects/zedCam/CMakeFiles/CMakeTmp/CheckSymbolExists.cxx
/home/roby/Development/cvProjects/zedCam/CMakeFiles/CMakeTmp/CheckSymbolExists.cxx: In function ‘int main(int, char**)’:
/home/roby/Development/cvProjects/zedCam/CMakeFiles/CMakeTmp/CheckSymbolExists.cxx:8:19: error: ‘Q_WS_WIN’ was not declared in this scope
   return ((int*)(&Q_WS_WIN))[argc];
                   ^
CMakeFiles/cmTC_6716e.dir/build.make:65: recipe for target 'CMakeFiles/cmTC_6716e.dir/CheckSymbolExists.cxx.o' failed
make[1]: *** [CMakeFiles/cmTC_6716e.dir/CheckSymbolExists.cxx.o] Error 1
make[1]: Leaving directory '/home/roby/Development/cvProjects/zedCam/CMakeFiles/CMakeTmp'
Makefile:126: recipe for target 'cmTC_6716e/fast' failed
make: *** [cmTC_6716e/fast] Error 2

File /home/roby/Development/cvProjects/zedCam/CMakeFiles/CMakeTmp/CheckSymbolExists.cxx:
/* */
#include <QtCore/qglobal.h>

int main(int argc, char** argv)
{
  (void)argv;
#ifndef Q_WS_WIN
  return ((int*)(&Q_WS_WIN))[argc];
#else
  (void)argc;
  return 0;
#endif
}

Determining if the Q_WS_QWS exist failed with the following output:
Change Dir: /home/roby/Development/cvProjects/zedCam/CMakeFiles/CMakeTmp

Run Build Command:"/usr/bin/make" "cmTC_0a83e/fast"
/usr/bin/make -f CMakeFiles/cmTC_0a83e.dir/build.make CMakeFiles/cmTC_0a83e.dir/build
make[1]: Entering directory '/home/roby/Development/cvProjects/zedCam/CMakeFiles/CMakeTmp'
Building CXX object CMakeFiles/cmTC_0a83e.dir/CheckSymbolExists.cxx.o
/usr/bin/c++    -I/usr/include/qt4   -o CMakeFiles/cmTC_0a83e.dir/CheckSymbolExists.cxx.o -c /home/roby/Development/cvProjects/zedCam/CMakeFiles/CMakeTmp/CheckSymbolExists.cxx
/home/roby/Development/cvProjects/zedCam/CMakeFiles/CMakeTmp/CheckSymbolExists.cxx: In function ‘int main(int, char**)’:
/home/roby/Development/cvProjects/zedCam/CMakeFiles/CMakeTmp/CheckSymbolExists.cxx:8:19: error: ‘Q_WS_QWS’ was not declared in this scope
   return ((int*)(&Q_WS_QWS))[argc];
                   ^
CMakeFiles/cmTC_0a83e.dir/build.make:65: recipe for target 'CMakeFiles/cmTC_0a83e.dir/CheckSymbolExists.cxx.o' failed
make[1]: *** [CMakeFiles/cmTC_0a83e.dir/CheckSymbolExists.cxx.o] Error 1
make[1]: Leaving directory '/home/roby/Development/cvProjects/zedCam/CMakeFiles/CMakeTmp'
Makefile:126: recipe for target 'cmTC_0a83e/fast' failed
make: *** [cmTC_0a83e/fast] Error 2

File /home/roby/Development/cvProjects/zedCam/CMakeFiles/CMakeTmp/CheckSymbolExists.cxx:
/* */
#include <QtCore/qglobal.h>

int main(int argc, char** argv)
{
  (void)argv;
#ifndef Q_WS_QWS
  return ((int*)(&Q_WS_QWS))[argc];
#else
  (void)argc;
  return 0;
#endif
}

Determining if the Q_WS_MAC exist failed with the following output:
Change Dir: /home/roby/Development/cvProjects/zedCam/CMakeFiles/CMakeTmp

Run Build Command:"/usr/bin/make" "cmTC_dba0c/fast"
/usr/bin/make -f CMakeFiles/cmTC_dba0c.dir/build.make CMakeFiles/cmTC_dba0c.dir/build
make[1]: Entering directory '/home/roby/Development/cvProjects/zedCam/CMakeFiles/CMakeTmp'
Building CXX object CMakeFiles/cmTC_dba0c.dir/CheckSymbolExists.cxx.o
/usr/bin/c++    -I/usr/include/qt4   -o CMakeFiles/cmTC_dba0c.dir/CheckSymbolExists.cxx.o -c /home/roby/Development/cvProjects/zedCam/CMakeFiles/CMakeTmp/CheckSymbolExists.cxx
/home/roby/Development/cvProjects/zedCam/CMakeFiles/CMakeTmp/CheckSymbolExists.cxx: In function ‘int main(int, char**)’:
/home/roby/Development/cvProjects/zedCam/CMakeFiles/CMakeTmp/CheckSymbolExists.cxx:8:19: error: ‘Q_WS_MAC’ was not declared in this scope
   return ((int*)(&Q_WS_MAC))[argc];
                   ^
CMakeFiles/cmTC_dba0c.dir/build.make:65: recipe for target 'CMakeFiles/cmTC_dba0c.dir/CheckSymbolExists.cxx.o' failed
make[1]: *** [CMakeFiles/cmTC_dba0c.dir/CheckSymbolExists.cxx.o] Error 1
make[1]: Leaving directory '/home/roby/Development/cvProjects/zedCam/CMakeFiles/CMakeTmp'
Makefile:126: recipe for target 'cmTC_dba0c/fast' failed
make: *** [cmTC_dba0c/fast] Error 2

File /home/roby/Development/cvProjects/zedCam/CMakeFiles/CMakeTmp/CheckSymbolExists.cxx:
/* */
#include <QtCore/qglobal.h>

int main(int argc, char** argv)
{
  (void)argv;
#ifndef Q_WS_MAC
  return ((int*)(&Q_WS_MAC))[argc];
#else
  (void)argc;
  return 0;
#endif
}

Determining if the pthread_create exist failed with the following output:
Change Dir: /home/roby/Development/cvProjects/zedCam/CMakeFiles/CMakeTmp

Run Build Command:"/usr/bin/make" "cmTC_89b7e/fast"
/usr/bin/make -f CMakeFiles/cmTC_89b7e.dir/build.make CMakeFiles/cmTC_89b7e.dir/build
make[1]: Entering directory '/home/roby/Development/cvProjects/zedCam/CMakeFiles/CMakeTmp'
Building C object CMakeFiles/cmTC_89b7e.dir/CheckSymbolExists.c.o
/usr/bin/cc    -fPIC    -o CMakeFiles/cmTC_89b7e.dir/CheckSymbolExists.c.o   -c /home/roby/Development/cvProjects/zedCam/CMakeFiles/CMakeTmp/CheckSymbolExists.c
Linking C executable cmTC_89b7e
/usr/bin/cmake -E cmake_link_script CMakeFiles/cmTC_89b7e.dir/link.txt --verbose=1
/usr/bin/cc  -fPIC     CMakeFiles/cmTC_89b7e.dir/CheckSymbolExists.c.o  -o cmTC_89b7e -rdynamic 
CMakeFiles/cmTC_89b7e.dir/CheckSymbolExists.c.o: In function `main':
CheckSymbolExists.c:(.text+0x1b): undefined reference to `pthread_create'
collect2: error: ld returned 1 exit status
CMakeFiles/cmTC_89b7e.dir/build.make:97: recipe for target 'cmTC_89b7e' failed
make[1]: *** [cmTC_89b7e] Error 1
make[1]: Leaving directory '/home/roby/Development/cvProjects/zedCam/CMakeFiles/CMakeTmp'
Makefile:126: recipe for target 'cmTC_89b7e/fast' failed
make: *** [cmTC_89b7e/fast] Error 2

File /home/roby/Development/cvProjects/zedCam/CMakeFiles/CMakeTmp/CheckSymbolExists.c:
/* */
#include <pthread.h>

int main(int argc, char** argv)
{
  (void)argv;
#ifndef pthread_create
  return ((int*)(&pthread_create))[argc];
#else
  (void)argc;
  return 0;
#endif
}

Determining if the function pthread_create exists in the pthreads failed with the following output:
Change Dir: /home/roby/Development/cvProjects/zedCam/CMakeFiles/CMakeTmp

Run Build Command:"/usr/bin/make" "cmTC_44481/fast"
/usr/bin/make -f CMakeFiles/cmTC_44481.dir/build.make CMakeFiles/cmTC_44481.dir/build
make[1]: Entering directory '/home/roby/Development/cvProjects/zedCam/CMakeFiles/CMakeTmp'
Building C object CMakeFiles/cmTC_44481.dir/CheckFunctionExists.c.o
/usr/bin/cc    -fPIC -DCHECK_FUNCTION_EXISTS=pthread_create   -o CMakeFiles/cmTC_44481.dir/CheckFunctionExists.c.o   -c /usr/share/cmake-3.5/Modules/CheckFunctionExists.c
Linking C executable cmTC_44481
/usr/bin/cmake -E cmake_link_script CMakeFiles/cmTC_44481.dir/link.txt --verbose=1
/usr/bin/cc  -fPIC -DCHECK_FUNCTION_EXISTS=pthread_create    CMakeFiles/cmTC_44481.dir/CheckFunctionExists.c.o  -o cmTC_44481 -rdynamic -lpthreads 
/usr/bin/ld: cannot find -lpthreads
collect2: error: ld returned 1 exit status
CMakeFiles/cmTC_44481.dir/build.make:97: recipe for target 'cmTC_44481' failed
make[1]: *** [cmTC_44481] Error 1
make[1]: Leaving directory '/home/roby/Development/cvProjects/zedCam/CMakeFiles/CMakeTmp'
Makefile:126: recipe for target 'cmTC_44481/fast' failed
make: *** [cmTC_44481/fast] Error 2


