Determining if the Q_WS_WIN exist failed with the following output:
Change Dir: /home/roby/Development/ZeD_dev/build/CMakeFiles/CMakeTmp

Run Build Command:"/usr/bin/make" "cmTC_a2d4b/fast"
/usr/bin/make -f CMakeFiles/cmTC_a2d4b.dir/build.make CMakeFiles/cmTC_a2d4b.dir/build
make[1]: Entering directory '/home/roby/Development/ZeD_dev/build/CMakeFiles/CMakeTmp'
Building CXX object CMakeFiles/cmTC_a2d4b.dir/CheckSymbolExists.cxx.o
/usr/bin/c++   -I/usr/include/qt4   -o CMakeFiles/cmTC_a2d4b.dir/CheckSymbolExists.cxx.o -c /home/roby/Development/ZeD_dev/build/CMakeFiles/CMakeTmp/CheckSymbolExists.cxx
/home/roby/Development/ZeD_dev/build/CMakeFiles/CMakeTmp/CheckSymbolExists.cxx: In function ‘int main(int, char**)’:
/home/roby/Development/ZeD_dev/build/CMakeFiles/CMakeTmp/CheckSymbolExists.cxx:8:19: error: ‘Q_WS_WIN’ was not declared in this scope
   return ((int*)(&Q_WS_WIN))[argc];
                   ^
CMakeFiles/cmTC_a2d4b.dir/build.make:65: recipe for target 'CMakeFiles/cmTC_a2d4b.dir/CheckSymbolExists.cxx.o' failed
make[1]: *** [CMakeFiles/cmTC_a2d4b.dir/CheckSymbolExists.cxx.o] Error 1
make[1]: Leaving directory '/home/roby/Development/ZeD_dev/build/CMakeFiles/CMakeTmp'
Makefile:126: recipe for target 'cmTC_a2d4b/fast' failed
make: *** [cmTC_a2d4b/fast] Error 2

File /home/roby/Development/ZeD_dev/build/CMakeFiles/CMakeTmp/CheckSymbolExists.cxx:
/* */
#include <QtCore/qglobal.h>

int main(int argc, char** argv)
{
  (void)argv;
#ifndef Q_WS_WIN
  return ((int*)(&Q_WS_WIN))[argc];
#else
  (void)argc;
  return 0;
#endif
}

Determining if the Q_WS_QWS exist failed with the following output:
Change Dir: /home/roby/Development/ZeD_dev/build/CMakeFiles/CMakeTmp

Run Build Command:"/usr/bin/make" "cmTC_d805c/fast"
/usr/bin/make -f CMakeFiles/cmTC_d805c.dir/build.make CMakeFiles/cmTC_d805c.dir/build
make[1]: Entering directory '/home/roby/Development/ZeD_dev/build/CMakeFiles/CMakeTmp'
Building CXX object CMakeFiles/cmTC_d805c.dir/CheckSymbolExists.cxx.o
/usr/bin/c++   -I/usr/include/qt4   -o CMakeFiles/cmTC_d805c.dir/CheckSymbolExists.cxx.o -c /home/roby/Development/ZeD_dev/build/CMakeFiles/CMakeTmp/CheckSymbolExists.cxx
/home/roby/Development/ZeD_dev/build/CMakeFiles/CMakeTmp/CheckSymbolExists.cxx: In function ‘int main(int, char**)’:
/home/roby/Development/ZeD_dev/build/CMakeFiles/CMakeTmp/CheckSymbolExists.cxx:8:19: error: ‘Q_WS_QWS’ was not declared in this scope
   return ((int*)(&Q_WS_QWS))[argc];
                   ^
CMakeFiles/cmTC_d805c.dir/build.make:65: recipe for target 'CMakeFiles/cmTC_d805c.dir/CheckSymbolExists.cxx.o' failed
make[1]: *** [CMakeFiles/cmTC_d805c.dir/CheckSymbolExists.cxx.o] Error 1
make[1]: Leaving directory '/home/roby/Development/ZeD_dev/build/CMakeFiles/CMakeTmp'
Makefile:126: recipe for target 'cmTC_d805c/fast' failed
make: *** [cmTC_d805c/fast] Error 2

File /home/roby/Development/ZeD_dev/build/CMakeFiles/CMakeTmp/CheckSymbolExists.cxx:
/* */
#include <QtCore/qglobal.h>

int main(int argc, char** argv)
{
  (void)argv;
#ifndef Q_WS_QWS
  return ((int*)(&Q_WS_QWS))[argc];
#else
  (void)argc;
  return 0;
#endif
}

Determining if the Q_WS_MAC exist failed with the following output:
Change Dir: /home/roby/Development/ZeD_dev/build/CMakeFiles/CMakeTmp

Run Build Command:"/usr/bin/make" "cmTC_c756e/fast"
/usr/bin/make -f CMakeFiles/cmTC_c756e.dir/build.make CMakeFiles/cmTC_c756e.dir/build
make[1]: Entering directory '/home/roby/Development/ZeD_dev/build/CMakeFiles/CMakeTmp'
Building CXX object CMakeFiles/cmTC_c756e.dir/CheckSymbolExists.cxx.o
/usr/bin/c++   -I/usr/include/qt4   -o CMakeFiles/cmTC_c756e.dir/CheckSymbolExists.cxx.o -c /home/roby/Development/ZeD_dev/build/CMakeFiles/CMakeTmp/CheckSymbolExists.cxx
/home/roby/Development/ZeD_dev/build/CMakeFiles/CMakeTmp/CheckSymbolExists.cxx: In function ‘int main(int, char**)’:
/home/roby/Development/ZeD_dev/build/CMakeFiles/CMakeTmp/CheckSymbolExists.cxx:8:19: error: ‘Q_WS_MAC’ was not declared in this scope
   return ((int*)(&Q_WS_MAC))[argc];
                   ^
CMakeFiles/cmTC_c756e.dir/build.make:65: recipe for target 'CMakeFiles/cmTC_c756e.dir/CheckSymbolExists.cxx.o' failed
make[1]: *** [CMakeFiles/cmTC_c756e.dir/CheckSymbolExists.cxx.o] Error 1
make[1]: Leaving directory '/home/roby/Development/ZeD_dev/build/CMakeFiles/CMakeTmp'
Makefile:126: recipe for target 'cmTC_c756e/fast' failed
make: *** [cmTC_c756e/fast] Error 2

File /home/roby/Development/ZeD_dev/build/CMakeFiles/CMakeTmp/CheckSymbolExists.cxx:
/* */
#include <QtCore/qglobal.h>

int main(int argc, char** argv)
{
  (void)argv;
#ifndef Q_WS_MAC
  return ((int*)(&Q_WS_MAC))[argc];
#else
  (void)argc;
  return 0;
#endif
}

Determining if the pthread_create exist failed with the following output:
Change Dir: /home/roby/Development/ZeD_dev/build/CMakeFiles/CMakeTmp

Run Build Command:"/usr/bin/make" "cmTC_1e0d6/fast"
/usr/bin/make -f CMakeFiles/cmTC_1e0d6.dir/build.make CMakeFiles/cmTC_1e0d6.dir/build
make[1]: Entering directory '/home/roby/Development/ZeD_dev/build/CMakeFiles/CMakeTmp'
Building C object CMakeFiles/cmTC_1e0d6.dir/CheckSymbolExists.c.o
/usr/bin/cc   -fPIC    -o CMakeFiles/cmTC_1e0d6.dir/CheckSymbolExists.c.o   -c /home/roby/Development/ZeD_dev/build/CMakeFiles/CMakeTmp/CheckSymbolExists.c
Linking C executable cmTC_1e0d6
/home/roby/Development/cmake-3.8.1-Linux-x86_64/bin/cmake -E cmake_link_script CMakeFiles/cmTC_1e0d6.dir/link.txt --verbose=1
/usr/bin/cc -fPIC     -rdynamic CMakeFiles/cmTC_1e0d6.dir/CheckSymbolExists.c.o  -o cmTC_1e0d6 
CMakeFiles/cmTC_1e0d6.dir/CheckSymbolExists.c.o: In function `main':
CheckSymbolExists.c:(.text+0x1b): undefined reference to `pthread_create'
collect2: error: ld returned 1 exit status
CMakeFiles/cmTC_1e0d6.dir/build.make:97: recipe for target 'cmTC_1e0d6' failed
make[1]: *** [cmTC_1e0d6] Error 1
make[1]: Leaving directory '/home/roby/Development/ZeD_dev/build/CMakeFiles/CMakeTmp'
Makefile:126: recipe for target 'cmTC_1e0d6/fast' failed
make: *** [cmTC_1e0d6/fast] Error 2

File /home/roby/Development/ZeD_dev/build/CMakeFiles/CMakeTmp/CheckSymbolExists.c:
/* */
#include <pthread.h>

int main(int argc, char** argv)
{
  (void)argv;
#ifndef pthread_create
  return ((int*)(&pthread_create))[argc];
#else
  (void)argc;
  return 0;
#endif
}

Determining if the function pthread_create exists in the pthreads failed with the following output:
Change Dir: /home/roby/Development/ZeD_dev/build/CMakeFiles/CMakeTmp

Run Build Command:"/usr/bin/make" "cmTC_9601f/fast"
/usr/bin/make -f CMakeFiles/cmTC_9601f.dir/build.make CMakeFiles/cmTC_9601f.dir/build
make[1]: Entering directory '/home/roby/Development/ZeD_dev/build/CMakeFiles/CMakeTmp'
Building C object CMakeFiles/cmTC_9601f.dir/CheckFunctionExists.c.o
/usr/bin/cc   -fPIC -DCHECK_FUNCTION_EXISTS=pthread_create   -o CMakeFiles/cmTC_9601f.dir/CheckFunctionExists.c.o   -c /home/roby/Development/cmake-3.8.1-Linux-x86_64/share/cmake-3.8/Modules/CheckFunctionExists.c
Linking C executable cmTC_9601f
/home/roby/Development/cmake-3.8.1-Linux-x86_64/bin/cmake -E cmake_link_script CMakeFiles/cmTC_9601f.dir/link.txt --verbose=1
/usr/bin/cc -fPIC -DCHECK_FUNCTION_EXISTS=pthread_create    -rdynamic CMakeFiles/cmTC_9601f.dir/CheckFunctionExists.c.o  -o cmTC_9601f -lpthreads 
/usr/bin/ld: cannot find -lpthreads
collect2: error: ld returned 1 exit status
CMakeFiles/cmTC_9601f.dir/build.make:97: recipe for target 'cmTC_9601f' failed
make[1]: *** [cmTC_9601f] Error 1
make[1]: Leaving directory '/home/roby/Development/ZeD_dev/build/CMakeFiles/CMakeTmp'
Makefile:126: recipe for target 'cmTC_9601f/fast' failed
make: *** [cmTC_9601f/fast] Error 2


